[trashme3.wixsite.com/monsite.html]
[backblue.gif]
[fade.gif]
[index.html]
[trashme3.wixsite.com/sitemap.xml]
[trashme3.wixsite.com/feed.xml]
[trashme3.wixsite.com/monsite/programme.html]
[trashme3.wixsite.com/monsite/prestations.html]
[trashme3.wixsite.com/monsite/pour-qui.html]
[trashme3.wixsite.com/monsite/tarif.html]
[trashme3.wixsite.com/monsite.html]
[trashme3.wixsite.com/sitemap.html]
[trashme3.wixsite.com/feed.html]
[trashme3.wixsite.com/monsite/contact.html]
[trashme3.wixsite.com/monsite/robots.txt]
[trashme3.wixsite.com/monsite/sitemap.xml]
[trashme3.wixsite.com/monsite/feed.xml]
[trashme3.wixsite.com/monsite/programme.html]
[trashme3.wixsite.com/monsite/prestations.html]
[trashme3.wixsite.com/monsite/pour-qui.html]
[trashme3.wixsite.com/monsite/tarif.html]
[trashme3.wixsite.com/monsite/contact.html]
[trashme3.wixsite.com/monsite/robots.html]
[trashme3.wixsite.com/monsite/feed.html]
